[2020-11-13 15:38:28,025672] admin.INFO  [NULL] [7763e65c] [NULL] [LogListener:onKernelRequestEarly:47] - INIT   [GET, /kanri/, ::1, NULL, Mozilla/5.0 (Macintosh; Intel Mac OS X 10.14; rv:82.0) Gecko/20100101 Firefox/82.0]
[2020-11-13 15:38:29,406647] admin.INFO  [5ed6871b] [7763e65c] [NULL] [LogListener:onKernelResponse:86] - LOGIC END ["admin_homepage"]  [GET, /kanri/, ::1, NULL, Mozilla/5.0 (Macintosh; Intel Mac OS X 10.14; rv:82.0) Gecko/20100101 Firefox/82.0]
[2020-11-13 15:38:29,407258] admin.INFO  [5ed6871b] [7763e65c] [NULL] [LogListener:onKernelTerminate:95] - PROCESS END ["admin_homepage"]  [GET, /kanri/, ::1, NULL, Mozilla/5.0 (Macintosh; Intel Mac OS X 10.14; rv:82.0) Gecko/20100101 Firefox/82.0]
[2020-11-13 15:38:34,494550] admin.INFO  [NULL] [22bef4f9] [NULL] [LogListener:onKernelRequestEarly:47] - INIT   [POST, /kanri/login_check, ::1, http://localhost/kanri/, Mozilla/5.0 (Macintosh; Intel Mac OS X 10.14; rv:82.0) Gecko/20100101 Firefox/82.0]
[2020-11-13 15:38:35,044339] admin.INFO  [e16a072c] [22bef4f9] [2] [LogListener:onKernelResponse:86] - LOGIC END ["kanri_login_check"]  [POST, /kanri/login_check, ::1, http://localhost/kanri/, Mozilla/5.0 (Macintosh; Intel Mac OS X 10.14; rv:82.0) Gecko/20100101 Firefox/82.0]
[2020-11-13 15:38:35,045883] admin.INFO  [e16a072c] [22bef4f9] [2] [LogListener:onKernelTerminate:95] - PROCESS END ["kanri_login_check"]  [POST, /kanri/login_check, ::1, http://localhost/kanri/, Mozilla/5.0 (Macintosh; Intel Mac OS X 10.14; rv:82.0) Gecko/20100101 Firefox/82.0]
[2020-11-13 15:38:35,189066] admin.INFO  [NULL] [eb9dfdd2] [NULL] [LogListener:onKernelRequestEarly:47] - INIT   [GET, /kanri/, ::1, http://localhost/kanri/, Mozilla/5.0 (Macintosh; Intel Mac OS X 10.14; rv:82.0) Gecko/20100101 Firefox/82.0]
[2020-11-13 15:38:35,261479] admin.INFO  [e16a072c] [eb9dfdd2] [2] [LogListener:onKernelRequest:60] - PROCESS START ["admin_homepage"]  [GET, /kanri/, ::1, http://localhost/kanri/, Mozilla/5.0 (Macintosh; Intel Mac OS X 10.14; rv:82.0) Gecko/20100101 Firefox/82.0]
[2020-11-13 15:38:35,283730] admin.INFO  [e16a072c] [eb9dfdd2] [2] [LogListener:onKernelController:73] - LOGIC START ["admin_homepage"]  [GET, /kanri/, ::1, http://localhost/kanri/, Mozilla/5.0 (Macintosh; Intel Mac OS X 10.14; rv:82.0) Gecko/20100101 Firefox/82.0]
[2020-11-13 15:38:35,775045] admin.INFO  [e16a072c] [eb9dfdd2] [2] [LogListener:onKernelResponse:86] - LOGIC END ["admin_homepage"]  [GET, /kanri/, ::1, http://localhost/kanri/, Mozilla/5.0 (Macintosh; Intel Mac OS X 10.14; rv:82.0) Gecko/20100101 Firefox/82.0]
[2020-11-13 15:38:35,776200] admin.INFO  [e16a072c] [eb9dfdd2] [2] [LogListener:onKernelTerminate:95] - PROCESS END ["admin_homepage"]  [GET, /kanri/, ::1, http://localhost/kanri/, Mozilla/5.0 (Macintosh; Intel Mac OS X 10.14; rv:82.0) Gecko/20100101 Firefox/82.0]
[2020-11-13 15:40:42,779087] admin.INFO  [NULL] [85be85b6] [NULL] [LogListener:onKernelRequestEarly:47] - INIT   [GET, /kanri/content/block, ::1, http://localhost/kanri/, Mozilla/5.0 (Macintosh; Intel Mac OS X 10.14; rv:82.0) Gecko/20100101 Firefox/82.0]
[2020-11-13 15:40:42,829503] admin.INFO  [e16a072c] [85be85b6] [2] [LogListener:onKernelRequest:60] - PROCESS START ["admin_content_block"]  [GET, /kanri/content/block, ::1, http://localhost/kanri/, Mozilla/5.0 (Macintosh; Intel Mac OS X 10.14; rv:82.0) Gecko/20100101 Firefox/82.0]
[2020-11-13 15:40:42,982398] admin.INFO  [e16a072c] [85be85b6] [2] [LogListener:onKernelController:73] - LOGIC START ["admin_content_block"]  [GET, /kanri/content/block, ::1, http://localhost/kanri/, Mozilla/5.0 (Macintosh; Intel Mac OS X 10.14; rv:82.0) Gecko/20100101 Firefox/82.0]
[2020-11-13 15:40:43,197437] admin.INFO  [e16a072c] [85be85b6] [2] [LogListener:onKernelResponse:86] - LOGIC END ["admin_content_block"]  [GET, /kanri/content/block, ::1, http://localhost/kanri/, Mozilla/5.0 (Macintosh; Intel Mac OS X 10.14; rv:82.0) Gecko/20100101 Firefox/82.0]
[2020-11-13 15:40:43,201439] admin.INFO  [e16a072c] [85be85b6] [2] [LogListener:onKernelTerminate:95] - PROCESS END ["admin_content_block"]  [GET, /kanri/content/block, ::1, http://localhost/kanri/, Mozilla/5.0 (Macintosh; Intel Mac OS X 10.14; rv:82.0) Gecko/20100101 Firefox/82.0]
[2020-11-13 15:40:49,974295] admin.INFO  [NULL] [eda49a90] [NULL] [LogListener:onKernelRequestEarly:47] - INIT   [GET, /kanri/content/block/16/edit, ::1, http://localhost/kanri/content/block, Mozilla/5.0 (Macintosh; Intel Mac OS X 10.14; rv:82.0) Gecko/20100101 Firefox/82.0]
[2020-11-13 15:40:49,987943] admin.INFO  [e16a072c] [eda49a90] [2] [LogListener:onKernelRequest:60] - PROCESS START ["admin_content_block_edit"]  [GET, /kanri/content/block/16/edit, ::1, http://localhost/kanri/content/block, Mozilla/5.0 (Macintosh; Intel Mac OS X 10.14; rv:82.0) Gecko/20100101 Firefox/82.0]
[2020-11-13 15:40:50,009951] admin.INFO  [e16a072c] [eda49a90] [2] [LogListener:onKernelController:73] - LOGIC START ["admin_content_block_edit"]  [GET, /kanri/content/block/16/edit, ::1, http://localhost/kanri/content/block, Mozilla/5.0 (Macintosh; Intel Mac OS X 10.14; rv:82.0) Gecko/20100101 Firefox/82.0]
[2020-11-13 15:40:50,693393] admin.INFO  [e16a072c] [eda49a90] [2] [LogListener:onKernelResponse:86] - LOGIC END ["admin_content_block_edit"]  [GET, /kanri/content/block/16/edit, ::1, http://localhost/kanri/content/block, Mozilla/5.0 (Macintosh; Intel Mac OS X 10.14; rv:82.0) Gecko/20100101 Firefox/82.0]
[2020-11-13 15:40:50,694617] admin.INFO  [e16a072c] [eda49a90] [2] [LogListener:onKernelTerminate:95] - PROCESS END ["admin_content_block_edit"]  [GET, /kanri/content/block/16/edit, ::1, http://localhost/kanri/content/block, Mozilla/5.0 (Macintosh; Intel Mac OS X 10.14; rv:82.0) Gecko/20100101 Firefox/82.0]
[2020-11-13 15:41:25,297012] admin.INFO  [NULL] [6f966ab1] [NULL] [LogListener:onKernelRequestEarly:47] - INIT   [GET, /kanri/content/block, ::1, http://localhost/kanri/content/block/16/edit, Mozilla/5.0 (Macintosh; Intel Mac OS X 10.14; rv:82.0) Gecko/20100101 Firefox/82.0]
[2020-11-13 15:41:25,347329] admin.INFO  [e16a072c] [6f966ab1] [2] [LogListener:onKernelRequest:60] - PROCESS START ["admin_content_block"]  [GET, /kanri/content/block, ::1, http://localhost/kanri/content/block/16/edit, Mozilla/5.0 (Macintosh; Intel Mac OS X 10.14; rv:82.0) Gecko/20100101 Firefox/82.0]
[2020-11-13 15:41:25,527320] admin.INFO  [e16a072c] [6f966ab1] [2] [LogListener:onKernelController:73] - LOGIC START ["admin_content_block"]  [GET, /kanri/content/block, ::1, http://localhost/kanri/content/block/16/edit, Mozilla/5.0 (Macintosh; Intel Mac OS X 10.14; rv:82.0) Gecko/20100101 Firefox/82.0]
[2020-11-13 15:41:25,587070] admin.INFO  [e16a072c] [6f966ab1] [2] [LogListener:onKernelResponse:86] - LOGIC END ["admin_content_block"]  [GET, /kanri/content/block, ::1, http://localhost/kanri/content/block/16/edit, Mozilla/5.0 (Macintosh; Intel Mac OS X 10.14; rv:82.0) Gecko/20100101 Firefox/82.0]
[2020-11-13 15:41:25,589291] admin.INFO  [e16a072c] [6f966ab1] [2] [LogListener:onKernelTerminate:95] - PROCESS END ["admin_content_block"]  [GET, /kanri/content/block, ::1, http://localhost/kanri/content/block/16/edit, Mozilla/5.0 (Macintosh; Intel Mac OS X 10.14; rv:82.0) Gecko/20100101 Firefox/82.0]
[2020-11-13 15:41:28,968763] admin.INFO  [NULL] [e8f20551] [NULL] [LogListener:onKernelRequestEarly:47] - INIT   [GET, /kanri/content/block/15/edit, ::1, http://localhost/kanri/content/block, Mozilla/5.0 (Macintosh; Intel Mac OS X 10.14; rv:82.0) Gecko/20100101 Firefox/82.0]
[2020-11-13 15:41:28,982558] admin.INFO  [e16a072c] [e8f20551] [2] [LogListener:onKernelRequest:60] - PROCESS START ["admin_content_block_edit"]  [GET, /kanri/content/block/15/edit, ::1, http://localhost/kanri/content/block, Mozilla/5.0 (Macintosh; Intel Mac OS X 10.14; rv:82.0) Gecko/20100101 Firefox/82.0]
[2020-11-13 15:41:29,003994] admin.INFO  [e16a072c] [e8f20551] [2] [LogListener:onKernelController:73] - LOGIC START ["admin_content_block_edit"]  [GET, /kanri/content/block/15/edit, ::1, http://localhost/kanri/content/block, Mozilla/5.0 (Macintosh; Intel Mac OS X 10.14; rv:82.0) Gecko/20100101 Firefox/82.0]
[2020-11-13 15:41:30,031858] admin.INFO  [e16a072c] [e8f20551] [2] [LogListener:onKernelResponse:86] - LOGIC END ["admin_content_block_edit"]  [GET, /kanri/content/block/15/edit, ::1, http://localhost/kanri/content/block, Mozilla/5.0 (Macintosh; Intel Mac OS X 10.14; rv:82.0) Gecko/20100101 Firefox/82.0]
[2020-11-13 15:41:30,032927] admin.INFO  [e16a072c] [e8f20551] [2] [LogListener:onKernelTerminate:95] - PROCESS END ["admin_content_block_edit"]  [GET, /kanri/content/block/15/edit, ::1, http://localhost/kanri/content/block, Mozilla/5.0 (Macintosh; Intel Mac OS X 10.14; rv:82.0) Gecko/20100101 Firefox/82.0]
[2020-11-13 15:42:00,012717] admin.INFO  [NULL] [d2df17e8] [NULL] [LogListener:onKernelRequestEarly:47] - INIT   [GET, /kanri/content/block/14/edit, ::1, http://localhost/kanri/content/block, Mozilla/5.0 (Macintosh; Intel Mac OS X 10.14; rv:82.0) Gecko/20100101 Firefox/82.0]
[2020-11-13 15:42:00,027112] admin.INFO  [e16a072c] [d2df17e8] [2] [LogListener:onKernelRequest:60] - PROCESS START ["admin_content_block_edit"]  [GET, /kanri/content/block/14/edit, ::1, http://localhost/kanri/content/block, Mozilla/5.0 (Macintosh; Intel Mac OS X 10.14; rv:82.0) Gecko/20100101 Firefox/82.0]
[2020-11-13 15:42:00,048728] admin.INFO  [e16a072c] [d2df17e8] [2] [LogListener:onKernelController:73] - LOGIC START ["admin_content_block_edit"]  [GET, /kanri/content/block/14/edit, ::1, http://localhost/kanri/content/block, Mozilla/5.0 (Macintosh; Intel Mac OS X 10.14; rv:82.0) Gecko/20100101 Firefox/82.0]
[2020-11-13 15:42:00,434921] admin.INFO  [e16a072c] [d2df17e8] [2] [LogListener:onKernelResponse:86] - LOGIC END ["admin_content_block_edit"]  [GET, /kanri/content/block/14/edit, ::1, http://localhost/kanri/content/block, Mozilla/5.0 (Macintosh; Intel Mac OS X 10.14; rv:82.0) Gecko/20100101 Firefox/82.0]
[2020-11-13 15:42:00,435991] admin.INFO  [e16a072c] [d2df17e8] [2] [LogListener:onKernelTerminate:95] - PROCESS END ["admin_content_block_edit"]  [GET, /kanri/content/block/14/edit, ::1, http://localhost/kanri/content/block, Mozilla/5.0 (Macintosh; Intel Mac OS X 10.14; rv:82.0) Gecko/20100101 Firefox/82.0]
[2020-11-13 15:42:25,968305] admin.INFO  [NULL] [9f9bc375] [NULL] [LogListener:onKernelRequestEarly:47] - INIT   [GET, /kanri/content/block/13/edit, ::1, http://localhost/kanri/content/block, Mozilla/5.0 (Macintosh; Intel Mac OS X 10.14; rv:82.0) Gecko/20100101 Firefox/82.0]
[2020-11-13 15:42:25,982210] admin.INFO  [e16a072c] [9f9bc375] [2] [LogListener:onKernelRequest:60] - PROCESS START ["admin_content_block_edit"]  [GET, /kanri/content/block/13/edit, ::1, http://localhost/kanri/content/block, Mozilla/5.0 (Macintosh; Intel Mac OS X 10.14; rv:82.0) Gecko/20100101 Firefox/82.0]
[2020-11-13 15:42:26,003773] admin.INFO  [e16a072c] [9f9bc375] [2] [LogListener:onKernelController:73] - LOGIC START ["admin_content_block_edit"]  [GET, /kanri/content/block/13/edit, ::1, http://localhost/kanri/content/block, Mozilla/5.0 (Macintosh; Intel Mac OS X 10.14; rv:82.0) Gecko/20100101 Firefox/82.0]
[2020-11-13 15:42:26,376296] admin.INFO  [e16a072c] [9f9bc375] [2] [LogListener:onKernelResponse:86] - LOGIC END ["admin_content_block_edit"]  [GET, /kanri/content/block/13/edit, ::1, http://localhost/kanri/content/block, Mozilla/5.0 (Macintosh; Intel Mac OS X 10.14; rv:82.0) Gecko/20100101 Firefox/82.0]
[2020-11-13 15:42:26,377541] admin.INFO  [e16a072c] [9f9bc375] [2] [LogListener:onKernelTerminate:95] - PROCESS END ["admin_content_block_edit"]  [GET, /kanri/content/block/13/edit, ::1, http://localhost/kanri/content/block, Mozilla/5.0 (Macintosh; Intel Mac OS X 10.14; rv:82.0) Gecko/20100101 Firefox/82.0]
[2020-11-13 15:43:02,689955] admin.INFO  [NULL] [4f2d001e] [NULL] [LogListener:onKernelRequestEarly:47] - INIT   [GET, /kanri/content/block, ::1, http://localhost/kanri/content/block/13/edit, Mozilla/5.0 (Macintosh; Intel Mac OS X 10.14; rv:82.0) Gecko/20100101 Firefox/82.0]
[2020-11-13 15:43:02,704263] admin.INFO  [e16a072c] [4f2d001e] [2] [LogListener:onKernelRequest:60] - PROCESS START ["admin_content_block"]  [GET, /kanri/content/block, ::1, http://localhost/kanri/content/block/13/edit, Mozilla/5.0 (Macintosh; Intel Mac OS X 10.14; rv:82.0) Gecko/20100101 Firefox/82.0]
[2020-11-13 15:43:02,726139] admin.INFO  [e16a072c] [4f2d001e] [2] [LogListener:onKernelController:73] - LOGIC START ["admin_content_block"]  [GET, /kanri/content/block, ::1, http://localhost/kanri/content/block/13/edit, Mozilla/5.0 (Macintosh; Intel Mac OS X 10.14; rv:82.0) Gecko/20100101 Firefox/82.0]
[2020-11-13 15:43:02,745195] admin.INFO  [e16a072c] [4f2d001e] [2] [LogListener:onKernelResponse:86] - LOGIC END ["admin_content_block"]  [GET, /kanri/content/block, ::1, http://localhost/kanri/content/block/13/edit, Mozilla/5.0 (Macintosh; Intel Mac OS X 10.14; rv:82.0) Gecko/20100101 Firefox/82.0]
[2020-11-13 15:43:02,746411] admin.INFO  [e16a072c] [4f2d001e] [2] [LogListener:onKernelTerminate:95] - PROCESS END ["admin_content_block"]  [GET, /kanri/content/block, ::1, http://localhost/kanri/content/block/13/edit, Mozilla/5.0 (Macintosh; Intel Mac OS X 10.14; rv:82.0) Gecko/20100101 Firefox/82.0]
[2020-11-13 15:43:11,323961] admin.INFO  [NULL] [1f02e5a6] [NULL] [LogListener:onKernelRequestEarly:47] - INIT   [GET, /kanri/content/block/11/edit, ::1, http://localhost/kanri/content/block, Mozilla/5.0 (Macintosh; Intel Mac OS X 10.14; rv:82.0) Gecko/20100101 Firefox/82.0]
[2020-11-13 15:43:11,338494] admin.INFO  [e16a072c] [1f02e5a6] [2] [LogListener:onKernelRequest:60] - PROCESS START ["admin_content_block_edit"]  [GET, /kanri/content/block/11/edit, ::1, http://localhost/kanri/content/block, Mozilla/5.0 (Macintosh; Intel Mac OS X 10.14; rv:82.0) Gecko/20100101 Firefox/82.0]
[2020-11-13 15:43:11,360101] admin.INFO  [e16a072c] [1f02e5a6] [2] [LogListener:onKernelController:73] - LOGIC START ["admin_content_block_edit"]  [GET, /kanri/content/block/11/edit, ::1, http://localhost/kanri/content/block, Mozilla/5.0 (Macintosh; Intel Mac OS X 10.14; rv:82.0) Gecko/20100101 Firefox/82.0]
[2020-11-13 15:43:11,426684] admin.INFO  [e16a072c] [1f02e5a6] [2] [LogListener:onKernelResponse:86] - LOGIC END ["admin_content_block_edit"]  [GET, /kanri/content/block/11/edit, ::1, http://localhost/kanri/content/block, Mozilla/5.0 (Macintosh; Intel Mac OS X 10.14; rv:82.0) Gecko/20100101 Firefox/82.0]
[2020-11-13 15:43:11,427738] admin.INFO  [e16a072c] [1f02e5a6] [2] [LogListener:onKernelTerminate:95] - PROCESS END ["admin_content_block_edit"]  [GET, /kanri/content/block/11/edit, ::1, http://localhost/kanri/content/block, Mozilla/5.0 (Macintosh; Intel Mac OS X 10.14; rv:82.0) Gecko/20100101 Firefox/82.0]
[2020-11-13 15:43:42,548623] admin.INFO  [NULL] [09cf9280] [NULL] [LogListener:onKernelRequestEarly:47] - INIT   [GET, /kanri/content/block, ::1, http://localhost/kanri/content/block/11/edit, Mozilla/5.0 (Macintosh; Intel Mac OS X 10.14; rv:82.0) Gecko/20100101 Firefox/82.0]
[2020-11-13 15:43:42,605651] admin.INFO  [e16a072c] [09cf9280] [2] [LogListener:onKernelRequest:60] - PROCESS START ["admin_content_block"]  [GET, /kanri/content/block, ::1, http://localhost/kanri/content/block/11/edit, Mozilla/5.0 (Macintosh; Intel Mac OS X 10.14; rv:82.0) Gecko/20100101 Firefox/82.0]
[2020-11-13 15:43:42,650633] admin.INFO  [e16a072c] [09cf9280] [2] [LogListener:onKernelController:73] - LOGIC START ["admin_content_block"]  [GET, /kanri/content/block, ::1, http://localhost/kanri/content/block/11/edit, Mozilla/5.0 (Macintosh; Intel Mac OS X 10.14; rv:82.0) Gecko/20100101 Firefox/82.0]
[2020-11-13 15:43:42,680022] admin.INFO  [e16a072c] [09cf9280] [2] [LogListener:onKernelResponse:86] - LOGIC END ["admin_content_block"]  [GET, /kanri/content/block, ::1, http://localhost/kanri/content/block/11/edit, Mozilla/5.0 (Macintosh; Intel Mac OS X 10.14; rv:82.0) Gecko/20100101 Firefox/82.0]
[2020-11-13 15:43:42,681577] admin.INFO  [e16a072c] [09cf9280] [2] [LogListener:onKernelTerminate:95] - PROCESS END ["admin_content_block"]  [GET, /kanri/content/block, ::1, http://localhost/kanri/content/block/11/edit, Mozilla/5.0 (Macintosh; Intel Mac OS X 10.14; rv:82.0) Gecko/20100101 Firefox/82.0]
[2020-11-13 15:45:29,406707] admin.INFO  [NULL] [15db26a3] [NULL] [LogListener:onKernelRequestEarly:47] - INIT   [GET, /kanri/content/page, ::1, http://localhost/kanri/content/block, Mozilla/5.0 (Macintosh; Intel Mac OS X 10.14; rv:82.0) Gecko/20100101 Firefox/82.0]
[2020-11-13 15:45:29,421152] admin.INFO  [e16a072c] [15db26a3] [2] [LogListener:onKernelRequest:60] - PROCESS START ["admin_content_page"]  [GET, /kanri/content/page, ::1, http://localhost/kanri/content/block, Mozilla/5.0 (Macintosh; Intel Mac OS X 10.14; rv:82.0) Gecko/20100101 Firefox/82.0]
[2020-11-13 15:45:29,443361] admin.INFO  [e16a072c] [15db26a3] [2] [LogListener:onKernelController:73] - LOGIC START ["admin_content_page"]  [GET, /kanri/content/page, ::1, http://localhost/kanri/content/block, Mozilla/5.0 (Macintosh; Intel Mac OS X 10.14; rv:82.0) Gecko/20100101 Firefox/82.0]
[2020-11-13 15:45:29,471603] admin.INFO  [e16a072c] [15db26a3] [2] [LogListener:onKernelResponse:86] - LOGIC END ["admin_content_page"]  [GET, /kanri/content/page, ::1, http://localhost/kanri/content/block, Mozilla/5.0 (Macintosh; Intel Mac OS X 10.14; rv:82.0) Gecko/20100101 Firefox/82.0]
[2020-11-13 15:45:29,472762] admin.INFO  [e16a072c] [15db26a3] [2] [LogListener:onKernelTerminate:95] - PROCESS END ["admin_content_page"]  [GET, /kanri/content/page, ::1, http://localhost/kanri/content/block, Mozilla/5.0 (Macintosh; Intel Mac OS X 10.14; rv:82.0) Gecko/20100101 Firefox/82.0]
[2020-11-13 15:45:31,898748] admin.INFO  [NULL] [ae6f98f8] [NULL] [LogListener:onKernelRequestEarly:47] - INIT   [GET, /kanri/content/layout/1/edit, ::1, http://localhost/kanri/content/page, Mozilla/5.0 (Macintosh; Intel Mac OS X 10.14; rv:82.0) Gecko/20100101 Firefox/82.0]
[2020-11-13 15:45:31,912599] admin.INFO  [e16a072c] [ae6f98f8] [2] [LogListener:onKernelRequest:60] - PROCESS START ["admin_content_layout_edit"]  [GET, /kanri/content/layout/1/edit, ::1, http://localhost/kanri/content/page, Mozilla/5.0 (Macintosh; Intel Mac OS X 10.14; rv:82.0) Gecko/20100101 Firefox/82.0]
[2020-11-13 15:45:31,935341] admin.INFO  [e16a072c] [ae6f98f8] [2] [LogListener:onKernelController:73] - LOGIC START ["admin_content_layout_edit"]  [GET, /kanri/content/layout/1/edit, ::1, http://localhost/kanri/content/page, Mozilla/5.0 (Macintosh; Intel Mac OS X 10.14; rv:82.0) Gecko/20100101 Firefox/82.0]
[2020-11-13 15:45:32,867422] admin.INFO  [e16a072c] [ae6f98f8] [2] [LogListener:onKernelResponse:86] - LOGIC END ["admin_content_layout_edit"]  [GET, /kanri/content/layout/1/edit, ::1, http://localhost/kanri/content/page, Mozilla/5.0 (Macintosh; Intel Mac OS X 10.14; rv:82.0) Gecko/20100101 Firefox/82.0]
[2020-11-13 15:45:32,868494] admin.INFO  [e16a072c] [ae6f98f8] [2] [LogListener:onKernelTerminate:95] - PROCESS END ["admin_content_layout_edit"]  [GET, /kanri/content/layout/1/edit, ::1, http://localhost/kanri/content/page, Mozilla/5.0 (Macintosh; Intel Mac OS X 10.14; rv:82.0) Gecko/20100101 Firefox/82.0]
