[2020-11-04 17:59:34,939376] front.INFO  [NULL] [90a0877b] [NULL] [LogListener:onKernelRequestEarly:47] - INIT   [GET, /, ::1, NULL, Mozilla/5.0 (Macintosh; Intel Mac OS X 10_14_6) AppleWebKit/537.36 (KHTML, like Gecko) Chrome/86.0.4240.111 Safari/537.36]
[2020-11-04 17:59:34,965667] front.INFO  [NULL] [90a0877b] [NULL] [LogListener:onKernelRequest:60] - PROCESS START ["homepage"]  [GET, /, ::1, NULL, Mozilla/5.0 (Macintosh; Intel Mac OS X 10_14_6) AppleWebKit/537.36 (KHTML, like Gecko) Chrome/86.0.4240.111 Safari/537.36]
[2020-11-04 17:59:35,237794] front.INFO  [09c4c3ee] [90a0877b] [NULL] [LogListener:onKernelController:73] - LOGIC START ["homepage"]  [GET, /, ::1, NULL, Mozilla/5.0 (Macintosh; Intel Mac OS X 10_14_6) AppleWebKit/537.36 (KHTML, like Gecko) Chrome/86.0.4240.111 Safari/537.36]
[2020-11-04 17:59:36,141188] front.INFO  [09c4c3ee] [90a0877b] [NULL] [LogListener:onKernelResponse:86] - LOGIC END ["homepage"]  [GET, /, ::1, NULL, Mozilla/5.0 (Macintosh; Intel Mac OS X 10_14_6) AppleWebKit/537.36 (KHTML, like Gecko) Chrome/86.0.4240.111 Safari/537.36]
[2020-11-04 17:59:36,143757] front.INFO  [09c4c3ee] [90a0877b] [NULL] [LogListener:onKernelTerminate:95] - PROCESS END ["homepage"]  [GET, /, ::1, NULL, Mozilla/5.0 (Macintosh; Intel Mac OS X 10_14_6) AppleWebKit/537.36 (KHTML, like Gecko) Chrome/86.0.4240.111 Safari/537.36]
[2020-11-04 18:32:37,504151] front.INFO  [NULL] [3110f9d1] [NULL] [LogListener:onKernelRequestEarly:47] - INIT   [GET, /casestudy/, ::1, NULL, Mozilla/5.0 (Macintosh; Intel Mac OS X 10_14_6) AppleWebKit/537.36 (KHTML, like Gecko) Chrome/86.0.4240.111 Safari/537.36]
[2020-11-04 18:32:37,516317] front.INFO  [NULL] [3110f9d1] [NULL] [LogListener:onKernelException:105] - No route found for "GET /casestudy/" [404]  [GET, /casestudy/, ::1, NULL, Mozilla/5.0 (Macintosh; Intel Mac OS X 10_14_6) AppleWebKit/537.36 (KHTML, like Gecko) Chrome/86.0.4240.111 Safari/537.36]
[2020-11-04 18:32:37,957242] front.INFO  [09c4c3ee] [3110f9d1] [NULL] [LogListener:onKernelResponse:86] - LOGIC END [null]  [GET, /casestudy/, ::1, NULL, Mozilla/5.0 (Macintosh; Intel Mac OS X 10_14_6) AppleWebKit/537.36 (KHTML, like Gecko) Chrome/86.0.4240.111 Safari/537.36]
[2020-11-04 18:32:37,959241] front.INFO  [09c4c3ee] [3110f9d1] [NULL] [LogListener:onKernelTerminate:95] - PROCESS END [null]  [GET, /casestudy/, ::1, NULL, Mozilla/5.0 (Macintosh; Intel Mac OS X 10_14_6) AppleWebKit/537.36 (KHTML, like Gecko) Chrome/86.0.4240.111 Safari/537.36]
[2020-11-04 18:41:33,303049] front.INFO  [NULL] [f5113045] [NULL] [LogListener:onKernelRequestEarly:47] - INIT   [GET, /casestudy/, ::1, NULL, Mozilla/5.0 (Macintosh; Intel Mac OS X 10_14_6) AppleWebKit/537.36 (KHTML, like Gecko) Chrome/86.0.4240.111 Safari/537.36]
[2020-11-04 18:41:33,308125] front.INFO  [NULL] [f5113045] [NULL] [LogListener:onKernelException:105] - No route found for "GET /casestudy/" [404]  [GET, /casestudy/, ::1, NULL, Mozilla/5.0 (Macintosh; Intel Mac OS X 10_14_6) AppleWebKit/537.36 (KHTML, like Gecko) Chrome/86.0.4240.111 Safari/537.36]
[2020-11-04 18:41:33,324892] front.INFO  [09c4c3ee] [f5113045] [NULL] [LogListener:onKernelResponse:86] - LOGIC END [null]  [GET, /casestudy/, ::1, NULL, Mozilla/5.0 (Macintosh; Intel Mac OS X 10_14_6) AppleWebKit/537.36 (KHTML, like Gecko) Chrome/86.0.4240.111 Safari/537.36]
[2020-11-04 18:41:33,325391] front.INFO  [09c4c3ee] [f5113045] [NULL] [LogListener:onKernelTerminate:95] - PROCESS END [null]  [GET, /casestudy/, ::1, NULL, Mozilla/5.0 (Macintosh; Intel Mac OS X 10_14_6) AppleWebKit/537.36 (KHTML, like Gecko) Chrome/86.0.4240.111 Safari/537.36]
[2020-11-04 18:47:50,044731] front.INFO  [NULL] [6aceb56d] [NULL] [LogListener:onKernelRequestEarly:47] - INIT   [GET, /casestudy/, ::1, NULL, Mozilla/5.0 (Macintosh; Intel Mac OS X 10_14_6) AppleWebKit/537.36 (KHTML, like Gecko) Chrome/86.0.4240.111 Safari/537.36]
[2020-11-04 18:47:50,048977] front.INFO  [NULL] [6aceb56d] [NULL] [LogListener:onKernelException:105] - No route found for "GET /casestudy/" [404]  [GET, /casestudy/, ::1, NULL, Mozilla/5.0 (Macintosh; Intel Mac OS X 10_14_6) AppleWebKit/537.36 (KHTML, like Gecko) Chrome/86.0.4240.111 Safari/537.36]
[2020-11-04 18:47:50,065618] front.INFO  [09c4c3ee] [6aceb56d] [NULL] [LogListener:onKernelResponse:86] - LOGIC END [null]  [GET, /casestudy/, ::1, NULL, Mozilla/5.0 (Macintosh; Intel Mac OS X 10_14_6) AppleWebKit/537.36 (KHTML, like Gecko) Chrome/86.0.4240.111 Safari/537.36]
[2020-11-04 18:47:50,066116] front.INFO  [09c4c3ee] [6aceb56d] [NULL] [LogListener:onKernelTerminate:95] - PROCESS END [null]  [GET, /casestudy/, ::1, NULL, Mozilla/5.0 (Macintosh; Intel Mac OS X 10_14_6) AppleWebKit/537.36 (KHTML, like Gecko) Chrome/86.0.4240.111 Safari/537.36]
[2020-11-04 21:50:28,067974] front.INFO  [NULL] [f6cfbdd2] [NULL] [LogListener:onKernelRequestEarly:47] - INIT   [GET, /, ::1, NULL, Mozilla/5.0 (Macintosh; Intel Mac OS X 10_14_6) AppleWebKit/537.36 (KHTML, like Gecko) Chrome/86.0.4240.111 Safari/537.36]
[2020-11-04 21:50:28,087742] front.INFO  [09c4c3ee] [f6cfbdd2] [NULL] [LogListener:onKernelRequest:60] - PROCESS START ["homepage"]  [GET, /, ::1, NULL, Mozilla/5.0 (Macintosh; Intel Mac OS X 10_14_6) AppleWebKit/537.36 (KHTML, like Gecko) Chrome/86.0.4240.111 Safari/537.36]
[2020-11-04 21:50:28,327944] front.INFO  [09c4c3ee] [f6cfbdd2] [NULL] [LogListener:onKernelController:73] - LOGIC START ["homepage"]  [GET, /, ::1, NULL, Mozilla/5.0 (Macintosh; Intel Mac OS X 10_14_6) AppleWebKit/537.36 (KHTML, like Gecko) Chrome/86.0.4240.111 Safari/537.36]
[2020-11-04 21:50:28,762476] front.INFO  [09c4c3ee] [f6cfbdd2] [NULL] [LogListener:onKernelResponse:86] - LOGIC END ["homepage"]  [GET, /, ::1, NULL, Mozilla/5.0 (Macintosh; Intel Mac OS X 10_14_6) AppleWebKit/537.36 (KHTML, like Gecko) Chrome/86.0.4240.111 Safari/537.36]
[2020-11-04 21:50:28,763921] front.INFO  [09c4c3ee] [f6cfbdd2] [NULL] [LogListener:onKernelTerminate:95] - PROCESS END ["homepage"]  [GET, /, ::1, NULL, Mozilla/5.0 (Macintosh; Intel Mac OS X 10_14_6) AppleWebKit/537.36 (KHTML, like Gecko) Chrome/86.0.4240.111 Safari/537.36]
