[2020-11-13 09:08:35,299491] front.INFO  [NULL] [d91d22c5] [NULL] [LogListener:onKernelRequestEarly:47] - INIT   [GET, /, ::1, NULL, Mozilla/5.0 (Macintosh; Intel Mac OS X 10.14; rv:82.0) Gecko/20100101 Firefox/82.0]
[2020-11-13 09:08:35,315967] front.INFO  [NULL] [d91d22c5] [NULL] [LogListener:onKernelRequest:60] - PROCESS START ["homepage"]  [GET, /, ::1, NULL, Mozilla/5.0 (Macintosh; Intel Mac OS X 10.14; rv:82.0) Gecko/20100101 Firefox/82.0]
[2020-11-13 09:08:35,488919] front.INFO  [5ed6871b] [d91d22c5] [NULL] [LogListener:onKernelController:73] - LOGIC START ["homepage"]  [GET, /, ::1, NULL, Mozilla/5.0 (Macintosh; Intel Mac OS X 10.14; rv:82.0) Gecko/20100101 Firefox/82.0]
[2020-11-13 09:08:35,716372] front.INFO  [5ed6871b] [d91d22c5] [NULL] [LogListener:onKernelResponse:86] - LOGIC END ["homepage"]  [GET, /, ::1, NULL, Mozilla/5.0 (Macintosh; Intel Mac OS X 10.14; rv:82.0) Gecko/20100101 Firefox/82.0]
[2020-11-13 09:08:35,718740] front.INFO  [5ed6871b] [d91d22c5] [NULL] [LogListener:onKernelTerminate:95] - PROCESS END ["homepage"]  [GET, /, ::1, NULL, Mozilla/5.0 (Macintosh; Intel Mac OS X 10.14; rv:82.0) Gecko/20100101 Firefox/82.0]
[2020-11-13 15:38:16,184443] front.INFO  [NULL] [c8813369] [NULL] [LogListener:onKernelRequestEarly:47] - INIT   [GET, /, ::1, NULL, Mozilla/5.0 (Macintosh; Intel Mac OS X 10.14; rv:82.0) Gecko/20100101 Firefox/82.0]
[2020-11-13 15:38:16,211832] front.INFO  [5ed6871b] [c8813369] [NULL] [LogListener:onKernelRequest:60] - PROCESS START ["homepage"]  [GET, /, ::1, NULL, Mozilla/5.0 (Macintosh; Intel Mac OS X 10.14; rv:82.0) Gecko/20100101 Firefox/82.0]
[2020-11-13 15:38:16,456882] front.INFO  [5ed6871b] [c8813369] [NULL] [LogListener:onKernelController:73] - LOGIC START ["homepage"]  [GET, /, ::1, NULL, Mozilla/5.0 (Macintosh; Intel Mac OS X 10.14; rv:82.0) Gecko/20100101 Firefox/82.0]
[2020-11-13 15:38:16,746737] front.INFO  [5ed6871b] [c8813369] [NULL] [LogListener:onKernelResponse:86] - LOGIC END ["homepage"]  [GET, /, ::1, NULL, Mozilla/5.0 (Macintosh; Intel Mac OS X 10.14; rv:82.0) Gecko/20100101 Firefox/82.0]
[2020-11-13 15:38:16,747822] front.INFO  [5ed6871b] [c8813369] [NULL] [LogListener:onKernelTerminate:95] - PROCESS END ["homepage"]  [GET, /, ::1, NULL, Mozilla/5.0 (Macintosh; Intel Mac OS X 10.14; rv:82.0) Gecko/20100101 Firefox/82.0]
[2020-11-13 15:47:04,231794] front.INFO  [NULL] [7cfabb43] [NULL] [LogListener:onKernelRequestEarly:47] - INIT   [GET, /, ::1, http://localhost/kanri/content/layout/1/edit, Mozilla/5.0 (Macintosh; Intel Mac OS X 10.14; rv:82.0) Gecko/20100101 Firefox/82.0]
[2020-11-13 15:47:04,235229] front.INFO  [e16a072c] [7cfabb43] [NULL] [LogListener:onKernelRequest:60] - PROCESS START ["homepage"]  [GET, /, ::1, http://localhost/kanri/content/layout/1/edit, Mozilla/5.0 (Macintosh; Intel Mac OS X 10.14; rv:82.0) Gecko/20100101 Firefox/82.0]
[2020-11-13 15:47:04,270422] front.INFO  [e16a072c] [7cfabb43] [NULL] [LogListener:onKernelController:73] - LOGIC START ["homepage"]  [GET, /, ::1, http://localhost/kanri/content/layout/1/edit, Mozilla/5.0 (Macintosh; Intel Mac OS X 10.14; rv:82.0) Gecko/20100101 Firefox/82.0]
[2020-11-13 15:47:04,414609] front.INFO  [e16a072c] [7cfabb43] [NULL] [LogListener:onKernelResponse:86] - LOGIC END ["homepage"]  [GET, /, ::1, http://localhost/kanri/content/layout/1/edit, Mozilla/5.0 (Macintosh; Intel Mac OS X 10.14; rv:82.0) Gecko/20100101 Firefox/82.0]
[2020-11-13 15:47:04,415469] front.INFO  [e16a072c] [7cfabb43] [NULL] [LogListener:onKernelTerminate:95] - PROCESS END ["homepage"]  [GET, /, ::1, http://localhost/kanri/content/layout/1/edit, Mozilla/5.0 (Macintosh; Intel Mac OS X 10.14; rv:82.0) Gecko/20100101 Firefox/82.0]
[2020-11-13 15:47:07,433969] front.INFO  [NULL] [cab440b7] [NULL] [LogListener:onKernelRequestEarly:47] - INIT   [GET, /help/tradelaw, ::1, http://localhost/, Mozilla/5.0 (Macintosh; Intel Mac OS X 10.14; rv:82.0) Gecko/20100101 Firefox/82.0]
[2020-11-13 15:47:07,436603] front.INFO  [e16a072c] [cab440b7] [NULL] [LogListener:onKernelRequest:60] - PROCESS START ["help_tradelaw"]  [GET, /help/tradelaw, ::1, http://localhost/, Mozilla/5.0 (Macintosh; Intel Mac OS X 10.14; rv:82.0) Gecko/20100101 Firefox/82.0]
[2020-11-13 15:47:07,469496] front.INFO  [e16a072c] [cab440b7] [NULL] [LogListener:onKernelController:73] - LOGIC START ["help_tradelaw"]  [GET, /help/tradelaw, ::1, http://localhost/, Mozilla/5.0 (Macintosh; Intel Mac OS X 10.14; rv:82.0) Gecko/20100101 Firefox/82.0]
[2020-11-13 15:47:07,638823] front.INFO  [e16a072c] [cab440b7] [NULL] [LogListener:onKernelResponse:86] - LOGIC END ["help_tradelaw"]  [GET, /help/tradelaw, ::1, http://localhost/, Mozilla/5.0 (Macintosh; Intel Mac OS X 10.14; rv:82.0) Gecko/20100101 Firefox/82.0]
[2020-11-13 15:47:07,639855] front.INFO  [e16a072c] [cab440b7] [NULL] [LogListener:onKernelTerminate:95] - PROCESS END ["help_tradelaw"]  [GET, /help/tradelaw, ::1, http://localhost/, Mozilla/5.0 (Macintosh; Intel Mac OS X 10.14; rv:82.0) Gecko/20100101 Firefox/82.0]
